[    0.000000] Linux version 4.15.0-212-generic (buildd@lcy02-amd64-083) (gcc version 7.5.0 (Ubuntu 7.5.0-3ubuntu1~18.04)) #223-Ubuntu SMP Tue May 23 13:09:22 UTC 2023 (Ubuntu 4.15.0-212.223-generic 4.15.18)
[    0.000000] Command line: BOOT_IMAGE=/boot/vmlinuz-4.15.0-212-generic root=LABEL=cloudimg-rootfs ro console=tty1 console=ttyS0
[    0.000000] KERNEL supported cpus:
[    0.000000]   Intel GenuineIntel
[    0.000000]   AMD AuthenticAMD
[    0.000000]   Centaur CentaurHauls
[    0.000000] [Firmware Bug]: TSC doesn't count with P0 frequency!
[    0.000000] x86/fpu: x87 FPU will use FXSAVE
[    0.000000] e820: BIOS-provided physical RAM map:
[    0.000000] BIOS-e820: [mem 0x0000000000000000-0x000000000009fbff] usable
[    0.000000] BIOS-e820: [mem 0x000000000009fc00-0x000000000009ffff] reserved
[    0.000000] BIOS-e820: [mem 0x00000000000f0000-0x00000000000fffff] reserved
[    0.000000] BIOS-e820: [mem 0x0000000000100000-0x000000003ffeffff] usable
[    0.000000] BIOS-e820: [mem 0x000000003fff0000-0x000000003fffffff] ACPI data
[    0.000000] BIOS-e820: [mem 0x00000000fec00000-0x00000000fec00fff] reserved
[    0.000000] BIOS-e820: [mem 0x00000000fee00000-0x00000000fee00fff] reserved
[    0.000000] BIOS-e820: [mem 0x00000000fffc0000-0x00000000ffffffff] reserved
[    0.000000] NX (Execute Disable) protection: active
[    0.000000] SMBIOS 2.5 present.
[    0.000000] DMI: innotek GmbH VirtualBox/VirtualBox, BIOS VirtualBox 12/01/2006
[    0.000000] Hypervisor detected: KVM
[    0.000000] e820: last_pfn = 0x3fff0 max_arch_pfn = 0x400000000
[    0.000000] x86/PAT: Configuration [0-7]: WB  WC  UC- UC  WB  WP  UC- WT  
[    0.000000] CPU MTRRs all blank - virtualized system.
[    0.000000] found SMP MP-table at [mem 0x0009fbf0-0x0009fbff]
[    0.000000] Scanning 1 areas for low memory corruption
[    0.000000] RAMDISK: [mem 0x359cb000-0x36cdcfff]
[    0.000000] ACPI: Early table checksum verification disabled
[    0.000000] ACPI: RSDP 0x00000000000E0000 000024 (v02 VBOX  )
[    0.000000] ACPI: XSDT 0x000000003FFF0030 00003C (v01 VBOX   VBOXXSDT 00000001 ASL  00000061)
[    0.000000] ACPI: FACP 0x000000003FFF00F0 0000F4 (v04 VBOX   VBOXFACP 00000001 ASL  00000061)
[    0.000000] ACPI: DSDT 0x000000003FFF0610 002353 (v02 VBOX   VBOXBIOS 00000002 INTL 20100528)
[    0.000000] ACPI: FACS 0x000000003FFF0200 000040
[    0.000000] ACPI: FACS 0x000000003FFF0200 000040
[    0.000000] ACPI: APIC 0x000000003FFF0240 00005C (v02 VBOX   VBOXAPIC 00000001 ASL  00000061)
[    0.000000] ACPI: SSDT 0x000000003FFF02A0 00036C (v01 VBOX   VBOXCPUT 00000002 INTL 20100528)
[    0.000000] ACPI: Reserving FACP table memory at [mem 0x3fff00f0-0x3fff01e3]
[    0.000000] ACPI: Reserving DSDT table memory at [mem 0x3fff0610-0x3fff2962]
[    0.000000] ACPI: Reserving FACS table memory at [mem 0x3fff0200-0x3fff023f]
[    0.000000] ACPI: Reserving FACS table memory at [mem 0x3fff0200-0x3fff023f]
[    0.000000] ACPI: Reserving APIC table memory at [mem 0x3fff0240-0x3fff029b]
[    0.000000] ACPI: Reserving SSDT table memory at [mem 0x3fff02a0-0x3fff060b]
[    0.000000] No NUMA configuration found
[    0.000000] Faking a node at [mem 0x0000000000000000-0x000000003ffeffff]
[    0.000000] NODE_DATA(0) allocated [mem 0x3ffc5000-0x3ffeffff]
[    0.000000] kvm-clock: cpu 0, msr 0:3ff44001, primary cpu clock
[    0.000000] kvm-clock: Using msrs 4b564d01 and 4b564d00
[    0.000000] kvm-clock: using sched offset of 3967227043 cycles
[    0.000000] clocksource: kvm-clock: mask: 0xffffffffffffffff max_cycles: 0x1cd42e4dffb, max_idle_ns: 881590591483 ns
[    0.000000] Zone ranges:
[    0.000000]   DMA      [mem 0x0000000000001000-0x0000000000ffffff]
[    0.000000]   DMA32    [mem 0x0000000001000000-0x000000003ffeffff]
[    0.000000]   Normal   empty
[    0.000000]   Device   empty
[    0.000000] Movable zone start for each node
[    0.000000] Early memory node ranges
[    0.000000]   node   0: [mem 0x0000000000001000-0x000000000009efff]
[    0.000000]   node   0: [mem 0x0000000000100000-0x000000003ffeffff]
[    0.000000] Reserved but unavailable: 104 pages
[    0.000000] Initmem setup node 0 [mem 0x0000000000001000-0x000000003ffeffff]
[    0.000000] ACPI: PM-Timer IO Port: 0x4008
[    0.000000] IOAPIC[0]: apic_id 2, version 32, address 0xfec00000, GSI 0-23
[    0.000000] ACPI: INT_SRC_OVR (bus 0 bus_irq 0 global_irq 2 dfl dfl)
[    0.000000] ACPI: INT_SRC_OVR (bus 0 bus_irq 9 global_irq 9 low level)
[    0.000000] Using ACPI (MADT) for SMP configuration information
[    0.000000] smpboot: Allowing 2 CPUs, 0 hotplug CPUs
[    0.000000] PM: Registered nosave memory: [mem 0x00000000-0x00000fff]
[    0.000000] PM: Registered nosave memory: [mem 0x0009f000-0x0009ffff]
[    0.000000] PM: Registered nosave memory: [mem 0x000a0000-0x000effff]
[    0.000000] PM: Registered nosave memory: [mem 0x000f0000-0x000fffff]
[    0.000000] e820: [mem 0x40000000-0xfebfffff] available for PCI devices
[    0.000000] Booting paravirtualized kernel on KVM
[    0.000000] clocksource: refined-jiffies: mask: 0xffffffff max_cycles: 0xffffffff, max_idle_ns: 7645519600211568 ns
[    0.000000] setup_percpu: NR_CPUS:8192 nr_cpumask_bits:2 nr_cpu_ids:2 nr_node_ids:1
[    0.000000] percpu: Embedded 50 pages/cpu s167936 r8192 d28672 u1048576
[    0.000000] PV qspinlock hash table entries: 256 (order: 0, 4096 bytes)
[    0.000000] Built 1 zonelists, mobility grouping on.  Total pages: 257913
[    0.000000] Policy zone: DMA32
[    0.000000] Kernel command line: BOOT_IMAGE=/boot/vmlinuz-4.15.0-212-generic root=LABEL=cloudimg-rootfs ro console=tty1 console=ttyS0
[    0.000000] Memory: 982644K/1048120K available (12300K kernel code, 2477K rwdata, 4324K rodata, 2480K init, 2720K bss, 65476K reserved, 0K cma-reserved)
[    0.000000] SLUB: HWalign=64, Order=0-3, MinObjects=0, CPUs=2, Nodes=1
[    0.000000] ftrace: allocating 39508 entries in 155 pages
[    0.004000] Hierarchical RCU implementation.
[    0.004000] 	RCU restricting CPUs from NR_CPUS=8192 to nr_cpu_ids=2.
[    0.004000] 	Tasks RCU enabled.
[    0.004000] RCU: Adjusting geometry for rcu_fanout_leaf=16, nr_cpu_ids=2
[    0.004000] NR_IRQS: 524544, nr_irqs: 440, preallocated irqs: 16
[    0.004000] random: crng init done
[    0.004000] Console: colour VGA+ 80x25
[    0.004000] console [tty1] enabled
[    0.004000] console [ttyS0] enabled
[    0.004000] ACPI: Core revision 20170831
[    0.004000] ACPI: 2 ACPI AML tables successfully acquired and loaded
[    0.004000] APIC: Switch to symmetric I/O mode setup
[    0.004000] ..TIMER: vector=0x30 apic1=0 pin1=2 apic2=-1 pin2=-1
[    0.004007] tsc: Detected 2295.630 MHz processor
[    0.008013] Calibrating delay loop (skipped) preset value.. 4591.26 BogoMIPS (lpj=9182520)
[    0.012005] pid_max: default: 32768 minimum: 301
[    0.015415] Security Framework initialized
[    0.016005] Yama: becoming mindful.
[    0.019469] AppArmor: AppArmor initialized
[    0.025350] Dentry cache hash table entries: 131072 (order: 8, 1048576 bytes)
[    0.032157] Inode-cache hash table entries: 65536 (order: 7, 524288 bytes)
[    0.036080] Mount-cache hash table entries: 2048 (order: 2, 16384 bytes)
[    0.040084] Mountpoint-cache hash table entries: 2048 (order: 2, 16384 bytes)
[    0.045601] Last level iTLB entries: 4KB 512, 2MB 512, 4MB 256
[    0.048004] Last level dTLB entries: 4KB 2048, 2MB 2048, 4MB 1024, 1GB 0
[    0.052004] Spectre V1 : Mitigation: usercopy/swapgs barriers and __user pointer sanitization
[    0.056005] Spectre V2 : Mitigation: Retpolines
[    0.060003] Spectre V2 : Spectre v2 / SpectreRSB mitigation: Filling RSB on context switch
[    0.064003] Spectre V2 : Spectre v2 / SpectreRSB : Filling RSB on VMEXIT
[    0.068262] Freeing SMP alternatives memory: 36K
[    0.184322] smpboot: CPU0: AMD Ryzen 5 5625U with Radeon Graphics (family: 0x19, model: 0x50, stepping: 0x0)
[    0.188407] Performance Events: PMU not available due to virtualization, using software events only.
[    0.192113] Hierarchical SRCU implementation.
[    0.196777] NMI watchdog: Perf event create on CPU 0 failed with -2
[    0.200003] NMI watchdog: Perf NMI watchdog permanently disabled
[    0.204303] smp: Bringing up secondary CPUs ...
[    0.208655] x86: Booting SMP configuration:
[    0.212000] .... node  #0, CPUs:      #1
[    0.004000] kvm-clock: cpu 1, msr 0:3ff44041, secondary cpu clock
[    0.220000] TSC synchronization [CPU#0 -> CPU#1]:
[    0.220000] Measured 64193 cycles TSC warp between CPUs, turning off TSC clock.
[    0.220000] tsc: Marking TSC unstable due to check_tsc_sync_source failed
[    0.224190] smp: Brought up 1 node, 2 CPUs
[    0.228008] smpboot: Max logical packages: 1
[    0.232005] smpboot: Total of 2 processors activated (9182.52 BogoMIPS)
[    0.240175] devtmpfs: initialized
[    0.242889] x86/mm: Memory block size: 128MB
[    0.248392] evm: security.selinux
[    0.250755] evm: security.SMACK64
[    0.252002] evm: security.SMACK64EXEC
[    0.256002] evm: security.SMACK64TRANSMUTE
[    0.260003] evm: security.SMACK64MMAP
[    0.264003] evm: security.apparmor
[    0.268003] evm: security.ima
[    0.270406] evm: security.capability
[    0.276280] clocksource: jiffies: mask: 0xffffffff max_cycles: 0xffffffff, max_idle_ns: 7645041785100000 ns
[    0.280015] futex hash table entries: 512 (order: 3, 32768 bytes)
[    0.284232] pinctrl core: initialized pinctrl subsystem
[    0.288482] RTC time:  8:45:59, date: 12/23/24
[    0.293100] NET: Registered protocol family 16
[    0.296148] audit: initializing netlink subsys (disabled)
[    0.300493] audit: type=2000 audit(1734943564.386:1): state=initialized audit_enabled=0 res=1
[    0.316013] cpuidle: using governor ladder
[    0.324137] cpuidle: using governor menu
[    0.328945] ACPI: bus type PCI registered
[    0.332004] acpiphp: ACPI Hot Plug PCI Controller Driver version: 0.5
[    0.336486] PCI: Using configuration type 1 for base access
[    0.339892] PCI: Using configuration type 1 for extended access
[    0.348097] HugeTLB registered 2.00 MiB page size, pre-allocated 0 pages
[    0.356603] ACPI: Added _OSI(Module Device)
[    0.360004] ACPI: Added _OSI(Processor Device)
[    0.364003] ACPI: Added _OSI(3.0 _SCP Extensions)
[    0.368003] ACPI: Added _OSI(Processor Aggregator Device)
[    0.372003] ACPI: Added _OSI(Linux-Dell-Video)
[    0.376004] ACPI: Added _OSI(Linux-Lenovo-NV-HDMI-Audio)
[    0.380004] ACPI: Added _OSI(Linux-HPI-Hybrid-Graphics)
[    0.388791] ACPI: Executed 1 blocks of module-level executable AML code
[    0.398749] ACPI: Interpreter enabled
[    0.400015] ACPI: (supports S0 S5)
[    0.404003] ACPI: Using IOAPIC for interrupt routing
[    0.408380] PCI: Using host bridge windows from ACPI; if necessary, use "pci=nocrs" and report a bug
[    0.416209] ACPI: Enabled 2 GPEs in block 00 to 07
[    0.428869] ACPI: PCI Root Bridge [PCI0] (domain 0000 [bus 00-ff])
[    0.432008] acpi PNP0A03:00: _OSC: OS supports [ExtendedConfig ASPM ClockPM Segments MSI]
[    0.437547] acpi PNP0A03:00: _OSC: platform does not support [PCIeCapability]
[    0.444792] acpi PNP0A03:00: _OSC: not requesting control; platform does not support [PCIeCapability]
[    0.452004] acpi PNP0A03:00: _OSC: OS requested [PCIeHotplug PME AER PCIeCapability]
[    0.456003] acpi PNP0A03:00: _OSC: platform willing to grant [PCIeHotplug PME AER]
[    0.460004] acpi PNP0A03:00: _OSC failed (AE_SUPPORT); disabling ASPM
[    0.464576] PCI host bridge to bus 0000:00
[    0.468004] pci_bus 0000:00: root bus resource [io  0x0000-0x0cf7 window]
[    0.472004] pci_bus 0000:00: root bus resource [io  0x0d00-0xffff window]
[    0.476006] pci_bus 0000:00: root bus resource [mem 0x000a0000-0x000bffff window]
[    0.480006] pci_bus 0000:00: root bus resource [mem 0x40000000-0xfdffffff window]
[    0.488004] pci_bus 0000:00: root bus resource [bus 00-ff]
[    0.497407] pci 0000:00:01.1: legacy IDE quirk: reg 0x10: [io  0x01f0-0x01f7]
[    0.500004] pci 0000:00:01.1: legacy IDE quirk: reg 0x14: [io  0x03f6]
[    0.504004] pci 0000:00:01.1: legacy IDE quirk: reg 0x18: [io  0x0170-0x0177]
[    0.508017] pci 0000:00:01.1: legacy IDE quirk: reg 0x1c: [io  0x0376]
[    0.532627] pci 0000:00:07.0: quirk: [io  0x4000-0x403f] claimed by PIIX4 ACPI
[    0.536030] pci 0000:00:07.0: quirk: [io  0x4100-0x410f] claimed by PIIX4 SMB
[    0.548276] ACPI: PCI Interrupt Link [LNKA] (IRQs 5 9 10 *11)
[    0.552495] ACPI: PCI Interrupt Link [LNKB] (IRQs 5 9 *10 11)
[    0.556199] ACPI: PCI Interrupt Link [LNKC] (IRQs 5 *9 10 11)
[    0.560181] ACPI: PCI Interrupt Link [LNKD] (IRQs 5 9 10 *11)
[    0.564637] SCSI subsystem initialized
[    0.568265] pci 0000:00:02.0: vgaarb: setting as boot VGA device
[    0.571544] pci 0000:00:02.0: vgaarb: VGA device added: decodes=io+mem,owns=io+mem,locks=none
[    0.572005] pci 0000:00:02.0: vgaarb: bridge control possible
[    0.576003] vgaarb: loaded
[    0.577858] ACPI: bus type USB registered
[    0.580049] usbcore: registered new interface driver usbfs
[    0.584013] usbcore: registered new interface driver hub
[    0.587197] usbcore: registered new device driver usb
[    0.588191] EDAC MC: Ver: 3.0.0
[    0.592536] PCI: Using ACPI for IRQ routing
[    0.596688] NetLabel: Initializing
[    0.599095] NetLabel:  domain hash size = 128
[    0.600002] NetLabel:  protocols = UNLABELED CIPSOv4 CALIPSO
[    0.603397] NetLabel:  unlabeled traffic allowed by default
[    0.608254] clocksource: Switched to clocksource kvm-clock
[    0.640300] VFS: Disk quotas dquot_6.6.0
[    0.648817] VFS: Dquot-cache hash table entries: 512 (order 0, 4096 bytes)
[    0.653552] AppArmor: AppArmor Filesystem Enabled
[    0.657508] pnp: PnP ACPI init
[    0.661886] pnp: PnP ACPI: found 3 devices
[    0.706573] clocksource: acpi_pm: mask: 0xffffff max_cycles: 0xffffff, max_idle_ns: 2085701024 ns
[    0.711972] NET: Registered protocol family 2
[    0.715231] IP idents hash table entries: 16384 (order: 5, 131072 bytes)
[    0.719878] TCP established hash table entries: 8192 (order: 4, 65536 bytes)
[    0.724944] TCP bind hash table entries: 8192 (order: 5, 131072 bytes)
[    0.729378] TCP: Hash tables configured (established 8192 bind 8192)
[    0.733728] UDP hash table entries: 512 (order: 2, 16384 bytes)
[    0.737500] UDP-Lite hash table entries: 512 (order: 2, 16384 bytes)
[    0.741888] NET: Registered protocol family 1
[    0.744703] pci 0000:00:00.0: Limiting direct PCI/PCI transfers
[    0.748456] pci 0000:00:01.0: Activating ISA DMA hang workarounds
[    0.752383] pci 0000:00:02.0: Video device with shadowed ROM at [mem 0x000c0000-0x000dffff]
[    0.757896] Unpacking initramfs...
[    1.194631] Freeing initrd memory: 19528K
[    1.197245] clocksource: tsc: mask: 0xffffffffffffffff max_cycles: 0x211714c23c0, max_idle_ns: 440795211894 ns
[    1.203666] platform rtc_cmos: registered platform RTC device (no PNP device found)
[    1.208686] Scanning for low memory corruption every 60 seconds
[    1.214417] Initialise system trusted keyrings
[    1.217340] Key type blacklist registered
[    1.220426] workingset: timestamp_bits=36 max_order=18 bucket_order=0
[    1.226309] zbud: loaded
[    1.229398] squashfs: version 4.0 (2009/01/31) Phillip Lougher
[    1.234554] fuse init (API version 7.26)
[    1.268304] Key type asymmetric registered
[    1.271054] Asymmetric key parser 'x509' registered
[    1.274317] Block layer SCSI generic (bsg) driver version 0.4 loaded (major 246)
[    1.279893] io scheduler noop registered
[    1.282891] io scheduler deadline registered
[    1.285999] io scheduler cfq registered (default)
[    1.290054] ACPI: AC Adapter [AC] (on-line)
[    1.293433] input: Power Button as /devices/LNXSYSTM:00/LNXPWRBN:00/input/input0
[    1.298837] ACPI: Power Button [PWRF]
[    1.301969] input: Sleep Button as /devices/LNXSYSTM:00/LNXSLPBN:00/input/input1
[    1.306961] ACPI: Sleep Button [SLPF]
[    1.312084] ACPI: Battery Slot [BAT0] (battery present)
[    1.316560] Serial: 8250/16550 driver, 32 ports, IRQ sharing enabled
[    1.344920] 00:02: ttyS0 at I/O 0x3f8 (irq = 4, base_baud = 115200) is a 16550A
[    1.365657] Linux agpgart interface v0.103
[    1.376958] loop: module loaded
[    1.382084] scsi host0: ata_piix
[    1.385713] scsi host1: ata_piix
[    1.387796] ata1: PATA max UDMA/33 cmd 0x1f0 ctl 0x3f6 bmdma 0xd000 irq 14
[    1.391996] ata2: PATA max UDMA/33 cmd 0x170 ctl 0x376 bmdma 0xd008 irq 15
[    1.396497] tun: Universal TUN/TAP device driver, 1.6
[    1.400943] PPP generic driver version 2.4.2
[    1.403885] ehci_hcd: USB 2.0 'Enhanced' Host Controller (EHCI) Driver
[    1.407956] ehci-pci: EHCI PCI platform driver
[    1.410836] ehci-platform: EHCI generic platform driver
[    1.414311] ohci_hcd: USB 1.1 'Open' Host Controller (OHCI) Driver
[    1.418498] ohci-pci: OHCI PCI platform driver
[    1.421434] ohci-platform: OHCI generic platform driver
[    1.425001] uhci_hcd: USB Universal Host Controller Interface driver
[    1.429043] i8042: PNP: PS/2 Controller [PNP0303:PS2K,PNP0f03:PS2M] at 0x60,0x64 irq 1,12
[    1.436346] serio: i8042 KBD port at 0x60,0x64 irq 1
[    1.440223] serio: i8042 AUX port at 0x60,0x64 irq 12
[    1.444318] mousedev: PS/2 mouse device common for all mice
[    1.451589] input: AT Translated Set 2 keyboard as /devices/platform/i8042/serio0/input/input2
[    1.452950] rtc_cmos rtc_cmos: rtc core: registered rtc_cmos as rtc0
[    1.463677] rtc_cmos rtc_cmos: alarms up to one day, 114 bytes nvram
[    1.468680] i2c /dev entries driver
[    1.472619] device-mapper: uevent: version 1.0.3
[    1.476158] device-mapper: ioctl: 4.37.0-ioctl (2017-09-20) initialised: dm-devel@redhat.com
[    1.481953] ledtrig-cpu: registered to indicate activity on CPUs
[    1.487964] NET: Registered protocol family 10
[    1.502958] Segment Routing with IPv6
[    1.505799] NET: Registered protocol family 17
[    1.509388] Key type dns_resolver registered
[    1.512922] mce: Using 0 MCE banks
[    1.515144] RAS: Correctable Errors collector initialized.
[    1.518719] sched_clock: Marking stable (1518605698, 0)->(2000045600, -481439902)
[    1.526782] registered taskstats version 1
[    1.529713] Loading compiled-in X.509 certificates
[    1.537348] Loaded X.509 cert 'Build time autogenerated kernel key: b5b26778eaa3ab3a4a6cee031137706e947d12ad'
[    1.544311] Loaded X.509 cert 'Canonical Ltd. Live Patch Signing: 14df34d1a87cf37625abec039ef2bf521249b969'
[    1.551380] Loaded X.509 cert 'Canonical Ltd. Kernel Module Signing: 88f752e560a1e0737e31163a466ad7b70a850c19'
[    1.558111] blacklist: Loading compiled-in revocation X.509 certificates
[    1.580707] Loaded X.509 cert 'Canonical Ltd. Secure Boot Signing: 61482aa2830d0ab2ad5af10b7250da9033ddcef0'
[    1.589945] Loaded X.509 cert 'Canonical Ltd. Secure Boot Signing (2017): 242ade75ac4a15e50d50c84b0d45ff3eae707a03'
[    1.600236] Loaded X.509 cert 'Canonical Ltd. Secure Boot Signing (ESM 2018): 365188c1d374d6b07c3c8f240f8ef722433d6a8b'
[    1.610189] Loaded X.509 cert 'Canonical Ltd. Secure Boot Signing (2019): c0746fd6c5da3ae827864651ad66ae47fe24b3e8'
[    1.616833] Loaded X.509 cert 'Canonical Ltd. Secure Boot Signing (2021 v1): a8d54bbb3825cfb94fa13c9f8a594a195c107b8d'
[    1.624109] Loaded X.509 cert 'Canonical Ltd. Secure Boot Signing (2021 v2): 4cf046892d6fd3c9a5b03f98d845f90851dc6a8c'
[    1.630804] Loaded X.509 cert 'Canonical Ltd. Secure Boot Signing (2021 v3): 100437bb6de6e469b581e61cd66bce3ef4ed53af'
[    1.647310] Loaded X.509 cert 'Canonical Ltd. Secure Boot Signing (Ubuntu Core 2019): c1d57b8f6b743f23ee41f4f7ee292f06eecadfb9'
[    1.659353] zswap: loaded using pool lzo/zbud
[    1.676202] Key type big_key registered
[    1.678692] Key type trusted registered
[    1.685526] Key type encrypted registered
[    1.688097] AppArmor: AppArmor sha1 policy hashing enabled
[    1.691852] ima: No TPM chip found, activating TPM-bypass! (rc=-19)
[    1.695981] ima: Allocated hash algorithm: sha1
[    1.699156] evm: HMAC attrs: 0x1
[    1.701954]   Magic number: 4:848:776
[    1.705077] rtc_cmos rtc_cmos: setting system clock to 2024-12-23 08:46:01 UTC (1734943561)
[    1.711070] BIOS EDD facility v0.16 2004-Jun-25, 0 devices found
[    1.714949] EDD information not available.
[    1.721904] Freeing unused kernel image memory: 2480K
[    1.740927] Write protecting the kernel read-only data: 20480k
[    1.745538] Freeing unused kernel image memory: 2008K
[    1.749008] Freeing unused kernel image memory: 1820K
[    1.756872] x86/mm: Checked W+X mappings: passed, no W+X pages found.
Loading, please wait...
starting version 237
[    1.850667] e1000: Intel(R) PRO/1000 Network Driver - version 7.3.21-k8-NAPI
[    1.850646] Fusion MPT base driver 3.04.20
[    1.855266] e1000: Copyright (c) 1999-2006 Intel Corporation.
[    1.857762] Copyright (c) 1999-2008 LSI Corporation
[    1.882340] Fusion MPT SPI Host driver 3.04.20
[    1.902373] SSE version of gcm_enc/dec engaged.
[    2.132475] input: ImExPS/2 Generic Explorer Mouse as /devices/platform/i8042/serio1/input/input4
[    2.591631] e1000 0000:00:03.0 eth0: (PCI:33MHz:32-bit) 02:3b:7b:b7:3b:2d
[    2.596685] e1000 0000:00:03.0 eth0: Intel(R) PRO/1000 Network Connection
[    2.602863] mptbase: ioc0: Initiating bringup
[    2.604439] e1000 0000:00:03.0 enp0s3: renamed from eth0
[    2.935660] ioc0: LSI53C1030 A0: Capabilities={Initiator}
[    3.925803] scsi host2: ioc0: LSI53C1030 A0, FwRev=00000000h, Ports=1, MaxQ=256, IRQ=20
[    4.208974] scsi 2:0:0:0: Direct-Access     VBOX     HARDDISK         1.0  PQ: 0 ANSI: 5
[    4.252606] scsi target2:0:0: Beginning Domain Validation
[    4.262645] scsi target2:0:0: Domain Validation skipping write tests
[    4.266934] scsi target2:0:0: Ending Domain Validation
[    4.270583] scsi target2:0:0: asynchronous
[    4.275334] scsi 2:0:1:0: Direct-Access     VBOX     HARDDISK         1.0  PQ: 0 ANSI: 5
[    4.740471] scsi target2:0:1: Beginning Domain Validation
[    4.747698] scsi target2:0:1: Domain Validation skipping write tests
[    4.751432] scsi target2:0:1: Ending Domain Validation
[    4.755006] scsi target2:0:1: asynchronous
[    4.767064] sd 2:0:0:0: [sda] 83886080 512-byte logical blocks: (42.9 GB/40.0 GiB)
[    4.772399] sd 2:0:0:0: Attached scsi generic sg0 type 0
[    4.772464] sd 2:0:0:0: [sda] Write Protect is off
[    4.782014] sd 2:0:0:0: [sda] Incomplete mode parameter data
[    4.786085] sd 2:0:0:0: [sda] Assuming drive cache: write through
[    4.786531] sd 2:0:1:0: Attached scsi generic sg1 type 0
[    4.792163] sd 2:0:1:0: [sdb] 20480 512-byte logical blocks: (10.5 MB/10.0 MiB)
[    4.802282] sd 2:0:1:0: [sdb] Write Protect is off
[    4.806715] sd 2:0:1:0: [sdb] Incomplete mode parameter data
[    4.810647] sd 2:0:1:0: [sdb] Assuming drive cache: write through
[    4.827278]  sda: sda1
[    4.833270] sd 2:0:0:0: [sda] Attached SCSI disk
[    4.833382] sd 2:0:1:0: [sdb] Attached SCSI disk
Begin: Loading essential drivers ... [    6.576382] raid6: sse2x1   gen()  5256 MB/s
[    6.624549] raid6: sse2x1   xor()  6469 MB/s
[    6.676097] raid6: sse2x2   gen()  8499 MB/s
[    6.724687] raid6: sse2x2   xor() 10639 MB/s
[    6.772303] raid6: sse2x4   gen() 14081 MB/s
[    6.820633] raid6: sse2x4   xor()  8070 MB/s
[    6.823557] raid6: using algorithm sse2x4 gen() 14081 MB/s
[    6.827095] raid6: .... xor() 8070 MB/s, rmw enabled
[    6.830469] raid6: using ssse3x2 recovery algorithm
[    6.835741] xor: measuring software checksum speed
[    6.876064]    prefetch64-sse: 16029.000 MB/sec
[    6.916820]    generic_sse: 14921.000 MB/sec
[    6.919562] xor: using function: prefetch64-sse (16029.000 MB/sec)
[    6.925527] async_tx: api initialized (async)
done.
Begin: Running /scripts/init-premount ... done.
Begin: Mounting root file system ... Begin: Running /scripts/local-top ... done.
Begin: Running /scripts/local-premount ... [    6.985057] Btrfs loaded, crc32c=crc32c-intel
Scanning for Btrfs filesystems
done.
Warning: fsck not present, so skipping root file system
[    7.036641] EXT4-fs (sda1): mounted filesystem with ordered data mode. Opts: (null)
done.
Begin: Running /scripts/local-bottom ... done.
Begin: Running /scripts/init-bottom ... done.
[    7.262437] ip_tables: (C) 2000-2006 Netfilter Core Team
[    7.280671] systemd[1]: systemd 237 running in system mode. (+PAM +AUDIT +SELINUX +IMA +APPARMOR +SMACK +SYSVINIT +UTMP +LIBCRYPTSETUP +GCRYPT +GNUTLS +ACL +XZ +LZ4 +SECCOMP +BLKID +ELFUTILS +KMOD -IDN2 +IDN -PCRE2 default-hierarchy=hybrid)
[    7.294046] systemd[1]: Detected virtualization oracle.
[    7.297875] systemd[1]: Detected architecture x86-64.

Welcome to [1mUbuntu 18.04.6 LTS[0m!

[    7.331476] systemd[1]: Set hostname to <ubuntu>.
[    7.339509] systemd[1]: Initializing machine ID from random generator.
[    7.346818] systemd[1]: Installed transient /etc/machine-id file.
[    7.683684] systemd[1]: Reached target User and Group Name Lookups.
[[0;32m  OK  [0m] Reached target User and Group Name Lookups.
[    7.690155] systemd[1]: Started Forward Password Requests to Wall Directory Watch.
[[0;32m  OK  [0m] Started Forward Password Requests to Wall Directory Watch.
[    7.697121] systemd[1]: Reached target System Time Synchronized.
[[0;32m  OK  [0m] Reached target System Time Synchronized.
[    7.712849] systemd[1]: Created slice User and Session Slice.
[[0;32m  OK  [0m] Created slice User and Session Slice.
[[0;32m  OK  [0m] Created slice System Slice.
[[0;32m  OK  [0m] Listening on LVM2 metadata daemon socket.
[[0;32m  OK  [0m] Listening on Syslog Socket.
[[0;32m  OK  [0m] Listening on udev Kernel Socket.
[[0;32m  OK  [0m] Listening on Journal Socket.
[[0;32m  OK  [0m] Listening on fsck to fsckd communication Socket.
         Starting Uncomplicated firewall...
[[0;32m  OK  [0m] Created slice system-serial\x2dgetty.slice.
[[0;32m  OK  [0m] Reached target Mounting snaps.
         Starting Load Kernel Modules...
         Mounting Huge Pages File System...
[[0;32m  OK  [0m] Listening on LVM2 poll daemon socket.
         Mounting POSIX Message Queue File System...
         Starting Set the console keyboard layout...
[[0;32m  OK  [0m] Reached target Mounted snaps.
[[0;32m  OK  [0m] Reached target Slices.
[[0;32m  OK  [0m] Listening on Journal Audit Socket.[    7.767385] Loading iSCSI transport class v2.0-870.

         Mounting Kernel Debug File System...
[[0;32m  OK  [0m] Listening on /dev/initctl Compatibility Named Pipe.
[[0;32m  OK  [0m] Listening on Journal Socket (/dev/log).
[[0;32m  OK  [0m] Listening on Device-mapper event daemon FIFOs.
         Starting Monitoring of LVM2 mirrors…ng dmeventd or progress polling...
         Starting Create list of required st…ce nodes for the current kernel...
[[0;32m  OK  [0m] Listening on udev Control Socket.
         Starting udev Coldplug all Devices...
[    7.811338] iscsi: registered transport (tcp)
[[0;32m  OK  [0m] Reached target Swap.
[[0;32m  OK  [0m] Listening on Network Service Netlink Socket.
         Starting Journal Service...
[[0;32m  OK  [0m] Set up automount Arbitrary Executab…rmats File System Automount Point.
[    7.888981] iscsi: registered transport (iser)
         Starting File System Check on Root Device...
[[0;32m  OK  [0m] Started Uncomplicated firewall.
[[0;32m  OK  [0m] Started Load Kernel Modules.
[[0;32m  OK  [0m] Mounted Huge Pages File System.
[[0;32m  OK  [0m] Mounted POSIX Message Queue File System.
[[0;32m  OK  [0m] Mounted Kernel Debug File System.
[[0;32m  OK  [0m] Started Create list of required sta…vice nodes for the current kernel.
         Starting Create Static Device Nodes in /dev...
         Mounting Kernel Configuration File System...
         Mounting FUSE Control File System...
         Starting Apply Kernel Variables...
[[0;32m  OK  [0m] Mounted FUSE Control File System.
[[0;32m  OK  [0m] Mounted Kernel Configuration File System.
[[0;32m  OK  [0m] Started File System Check Daemon to report status.
[[0;32m  OK  [0m] Started LVM2 metadata daemon.
[[0;32m  OK  [0m] Started udev Coldplug all Devices.
[[0;32m  OK  [0m] Started Create Static Device Nodes in /dev.
[[0;32m  OK  [0m] Started Journal Service.
[[0;32m  OK  [0m] Started Apply Kernel Variables.
[[0;32m  OK  [0m] Started File System Check on Root Device.
         Starting Remount Root and Kernel File Systems...
[[0;32m  OK  [0m] Started Monitoring of LVM2 mirrors,…sing dmeventd or progress polling.
[[0;32m  OK  [0m] Started Remount Root and Kernel File Systems.
         Starting udev Kernel Device Manager...
         Starting Flush Journal to Persistent Storage...
         Starting Load/Save Random Seed...
[[0;32m  OK  [0m] Started Load/Save Random Seed.
[[0;32m  OK  [0m] Started udev Kernel Device Manager.
[[0;32m  OK  [0m] Started Flush Journal to Persistent Storage.
[[0;32m  OK  [0m] Started Set the console keyboard layout.
[[0;32m  OK  [0m] Started Dispatch Password Requests to Console Directory Watch.
[[0;32m  OK  [0m] Reached target Local Encrypted Volumes.
[[0;32m  OK  [0m] Reached target Local File Systems (Pre).
[[0;32m  OK  [0m] Reached target Local File Systems.
         Starting ebtables ruleset management...
         Starting Set console font and keymap...
         Starting Commit a transient machine-id on disk...
         Starting Create Volatile Files and Directories...
         Starting AppArmor initialization...
         Starting Tell Plymouth To Write Out Runtime Data...
[[0;32m  OK  [0m] Found device /dev/ttyS0.
[[0;32m  OK  [0m] Started Tell Plymouth To Write Out Runtime Data.
[[0;32m  OK  [0m] Started Create Volatile Files and Directories.
         Starting Update UTMP about System Boot/Shutdown...
[[0;32m  OK  [0m] Started Update UTMP about System Boot/Shutdown.
[[0;32m  OK  [0m] Listening on Load/Save RF Kill Switch Status /dev/rfkill Watch.
[[0;32m  OK  [0m] Started Commit a transient machine-id on disk.
[[0;32m  OK  [0m] Started ebtables ruleset management.
         Mounting Arbitrary Executable File Formats File System...
[[0;32m  OK  [0m] Mounted Arbitrary Executable File Formats File System.
[[0;32m  OK  [0m] Started AppArmor initialization.
         Starting Load AppArmor profiles managed internally by snapd...
         Starting Initial cloud-init job (pre-networking)...
[[0;32m  OK  [0m] Started Set console font and keymap.
[[0;32m  OK  [0m] Started Load AppArmor profiles managed internally by snapd.
[   12.666980] cloud-init[800]: Cloud-init v. 23.1.2-0ubuntu0~18.04.1 running 'init-local' at Mon, 23 Dec 2024 08:46:12 +0000. Up 12.29 seconds.
[[0;32m  OK  [0m] Started Initial cloud-init job (pre-networking).
[[0;32m  OK  [0m] Reached target Network (Pre).
         Starting Network Service...
[[0;32m  OK  [0m] Started Network Service.
         Starting Network Name Resolution...
         Starting Wait for Network to be Configured...
[[0;32m  OK  [0m] Started Network Name Resolution.
[[0;32m  OK  [0m] Reached target Host and Network Name Lookups.
[[0;32m  OK  [0m] Reached target Network.
[[0;32m  OK  [0m] Started Wait for Network to be Configured.
         Starting Initial cloud-init job (metadata service crawler)...
[   14.857747] cloud-init[928]: Cloud-init v. 23.1.2-0ubuntu0~18.04.1 running 'init' at Mon, 23 Dec 2024 08:46:14 +0000. Up 14.72 seconds.
[   14.867238] cloud-init[928]: ci-info: ++++++++++++++++++++++++++++++++++++++Net device info++++++++++++++++++++++++++++++++++++++
[   14.874544] cloud-init[928]: ci-info: +--------+------+----------------------------+---------------+--------+-------------------+
[   14.881860] cloud-init[928]: ci-info: | Device |  Up  |          Address           |      Mask     | Scope  |     Hw-Address    |
[   14.888684] cloud-init[928]: ci-info: +--------+------+----------------------------+---------------+--------+-------------------+
[   14.895952] cloud-init[928]: ci-info: | enp0s3 | True |         10.0.2.15          | 255.255.255.0 | global | 02:3b:7b:b7:3b:2d |
[   14.903220] cloud-init[928]: ci-info: | enp0s3 | True | fd00::3b:7bff:feb7:3b2d/64 |       .       | global | 02:3b:7b:b7:3b:2d |
[   14.910299] cloud-init[928]: ci-info: | enp0s3 | True | fe80::3b:7bff:feb7:3b2d/64 |       .       |  link  | 02:3b:7b:b7:3b:2d |
[   14.917382] cloud-init[928]: ci-info: |   lo   | True |         127.0.0.1          |   255.0.0.0   |  host  |         .         |
[   14.924414] cloud-init[928]: ci-info: |   lo   | True |          ::1/128           |       .       |  host  |         .         |
[   14.931240] cloud-init[928]: ci-info: +--------+------+----------------------------+---------------+--------+-------------------+
[   14.938794] cloud-init[928]: ci-info: ++++++++++++++++++++++++++++Route IPv4 info+++++++++++++++++++++++++++++
[   14.944527] cloud-init[928]: ci-info: +-------+-------------+----------+-----------------+-----------+-------+
[   14.951036] cloud-init[928]: ci-info: | Route | Destination | Gateway  |     Genmask     | Interface | Flags |
[   14.957668] cloud-init[928]: ci-info: +-------+-------------+----------+-----------------+-----------+-------+
[   14.964839] cloud-init[928]: ci-info: |   0   |   0.0.0.0   | 10.0.2.2 |     0.0.0.0     |   enp0s3  |   UG  |
[   14.972002] cloud-init[928]: ci-info: |   1   |   10.0.2.0  | 0.0.0.0  |  255.255.255.0  |   enp0s3  |   U   |
[   14.979127] cloud-init[928]: ci-info: |   2   |   10.0.2.2  | 0.0.0.0  | 255.255.255.255 |   enp0s3  |   UH  |
[   14.986060] cloud-init[928]: ci-info: +-------+-------------+----------+-----------------+-----------+-------+
[   14.991429] cloud-init[928]: ci-info: +++++++++++++++++++Route IPv6 info+++++++++++++++++++
[   14.996976] cloud-init[928]: ci-info: +-------+-------------+---------+-----------+-------+
[   15.001795] cloud-init[928]: ci-info: | Route | Destination | Gateway | Interface | Flags |
[   15.006838] cloud-init[928]: ci-info: +-------+-------------+---------+-----------+-------+
[   15.011951] cloud-init[928]: ci-info: |   1   |  fd00::/64  |    ::   |   enp0s3  |   U   |
[   15.017124] cloud-init[928]: ci-info: |   2   |  fe80::/64  |    ::   |   enp0s3  |   U   |
[   15.021961] cloud-init[928]: ci-info: |   3   |     ::/0    | fe80::2 |   enp0s3  |   UG  |
[   15.026816] cloud-init[928]: ci-info: |   5   |    local    |    ::   |   enp0s3  |   U   |
[   15.036958] cloud-init[928]: ci-info: |   6   |   ff00::/8  |    ::   |   enp0s3  |   U   |
[   15.044998] cloud-init[928]: ci-info: +-------+-------------+---------+-----------+-------+
[   15.778637] cloud-init[928]: Generating public/private rsa key pair.
[   15.784150] cloud-init[928]: Your identification has been saved in /etc/ssh/ssh_host_rsa_key.
[   15.789833] cloud-init[928]: Your public key has been saved in /etc/ssh/ssh_host_rsa_key.pub.
[   15.794750] cloud-init[928]: The key fingerprint is:
[   15.799615] cloud-init[928]: SHA256:nrpBEuuqF/EEnz0Og2vYw+afKDV7fXFN5rIevhhfVRY root@ubuntu-bionic
[   15.805682] cloud-init[928]: The key's randomart image is:
[   15.810238] cloud-init[928]: +---[RSA 2048]----+
[   15.814796] cloud-init[928]: |               E |
[   15.819342] cloud-init[928]: |  .             .|
[   15.823662] cloud-init[928]: |   +.o          o|
[   15.828030] cloud-init[928]: |  o *oo     o  o |
[   15.832790] cloud-init[928]: | + =o+..S  =  .  |
[   15.837418] cloud-init[928]: |. @..o....o o.   |
[   15.841861] cloud-init[928]: | = =... +o.o.    |
[   15.846286] cloud-init[928]: |. +o...o.=.o     |
[   15.850512] cloud-init[[0;32m  OK  [0m] Started Initial cloud-init job (metadata service crawler).
[[0;32m  OK  [0m] Reached target System Initialization.
[928]: |.+ooo oo..=.     |
[[0;32m  OK  [0m] Started ACPI Events Check.
[   15.861751] cloud-init         Starting LXD - unix socket.
[[0;32m  OK  [0m] Started Daily Cleanup of Temporary Directories.
[[0;32m  OK  [0m] Listening on cloud-init hotplug hook socket.
[[0;32m  OK  [0m] Started Discard unused blocks once a week.
[[0;32m  OK  [0m] Started Message of the Day.
[[0;32m  OK  [0m] Listening on ACPID Listen Socket.
         Starting Socket activation for snappy daemon.
[[0;32m  OK  [0m] Started Daily apt download activities.
[[0;32m  OK  [0m] Started Daily apt upgrade and clean activities.
[[0;32m  OK  [0m] Listening on D-Bus System Message Bus Socket.
[[0;32m  OK  [0m] Reached target Paths.
[[0;32m  OK  [0m] Started Ubuntu Advantage Timer for running repeated jobs.
[[0;32m  OK  [0m] Reached target Timers.
[[0;32m  OK  [0m] Listening on Open-iSCSI iscsid Socket.
[[0;32m  OK  [0m] Listening on UUID daemon activation socket.
[[0;32m  OK  [0m] Reached target Network is Online.
         Starting Availability of block devices...
[[0;32m  OK  [0m] Reached target Remote File Systems (Pre).
[[0;32m  OK  [0m] Reached target Remote File Systems.
[[0;32m  OK  [0m] Reached target Cloud-config availability.
[[0;32m  OK  [0m] Listening on LXD - unix socket.
[[0;32m  OK  [0m] Started Availability of block devices.
[928]: [[0;32m  OK  [0m] Listening on Socket activation for snappy daemon.
[[0;32m  OK  [0m] Reached target Sockets.
[[0;32m  OK  [0m] Reached target Basic System.
         Starting LSB: automatic crash report generation...
[[0;32m  OK  [0m] Started FUSE filesystem for LXC.
         Starting Virtualbox guest utils...
[[0;32m  OK  [0m] Started Deferred execution scheduler.
         Starting Permit User Sessions...
+----[SHA256]-----+
[   15.917254] cloud-init[928]:          Starting Login Service...
Generating public/private dsa key pair.
         Starting Dispatcher daemon for systemd-networkd...
[   15.947929] cloud-init[928]: Your identification has been saved in /etc/ssh/ssh_host_dsa_key.
[   15.953859] cloud-init[928]: Your public key has been saved in /etc/ssh/ssh_host_dsa_key.pub.
[   15.959036] cloud-init[928]: The key fingerprint is:
[   15.964302] cloud-init[928]: SHA256:bhkGrIA3FHahugBIvxba3LtsCNtn7cctZAQNXZUs0UM root@ubuntu-bionic
[   15.974293] cloud-init[928]: The key's randomart image is:
[   15.979254] cloud-init[928]: +---[DSA 1024]----+         Starting Pollinate to seed the pseudo random number generator...
         Starting LXD - container startup/shutdown...
         Starting LSB: Record successful boot for GRUB...

[   15.990327] cloud-init[[0;32m  OK  [0m] Started irqbalance daemon.
[[0;32m  OK  [0m] Started D-Bus System Message Bus.
[928]: | .+.o. .+ .o*E.  |
[   16.002977] cloud-init[928]: |o+.o . . o . =   |
[   16.013052] cloud-init[928]: |+ =o  o .   . .  |
[   16.018359] cloud-init[928]: |.o+o+. . .       |
[   16.026574] cloud-init[928]: |o. =..  S        |
[   16.030403] cloud-init[928]: |.o.   .o =       |
[   16.033980] cloud-init[928]: |. + ... B .      |
[   16.041090] cloud-init[928]: | . o.+.o + .     |
[   16.052369] cloud-init[928]: |    +o... .      |
[   16.066429] cloud-init[928]: +----[SHA256]-----+
[   16.071437] cloud-init[928]: Generating public/private ecdsa key pair.
[   16.077559] cloud-init[928]: Your identification has been saved in /etc/ssh/ssh_host_ecdsa_key.
[   16.084015] cloud-init[928]: Your public key has been saved in /etc/ssh/ssh_host_ecdsa_key.pub.
[   16.090337] cloud-init[928]: The key fingerprint is:
[   16.094836] cloud-init[928]: SHA256:e9Ht+QbP+QZrCT5E8ioEOb6G433bl2lblpLesfQcE68 root@ubuntu-bionic
[   16.100963] cloud-init[928]: The key's randomart image is:
[   16.106818] cloud-init[928]: +---[ECDSA 256]---+
[   16.116066] cloud-init[928]: |                 |
[   16.120969] cloud-init[928]: |                 |
[   16.127838] cloud-init[928]: |       .         |
[   16.134722] cloud-init[928]: |      +   ....   |
[   16.140990] cloud-init[928]: |     . oS .+. .. |
[   16.147076] cloud-init[928]: |      . .. .+oooo|
[   16.152334] cloud-init[928]: |     . o. .+o+OXo|
[   16.155727] cloud-init[928]: |    o.o oo..B*+OB|
[   16.161023] cloud-init[928]: |   ..o...o.oo+Eo*|
[   16.171954] cloud-init[928]: +----[SHA256]-----+
[   16.178622] cloud-init[928]: Generating public/private ed25519 key pair.
[   16.191450] cloud-init[928]: Your identification has been saved in /etc/ssh/ssh_host_ed25519_key.
[   16.203768] cloud-init[928]: Your public key has been saved in /etc/ssh/ssh_host_ed25519_key.pub.
[   16.211991] cloud-init[928]: The key fingerprint is:
[   16.219952] cloud-init[928]: SHA256:WgJHLGn6Pk9890gs/mAEfsZSs9EEPcqYPRe68tYgEy4 root@ubuntu-bionic
[   16.230488] cloud-init[928]: The key's randomart image is:
[   16.239072] cloud-init         Starting Accounts Service...
[[0;32m  OK  [0m] Reached target Login Prompts (Pre).
         Starting System Logging Service...
[928]: +--[ED25519 256]--+
[   16.263470] cloud-init[928]: |     o. .o.      |
[   16.272903] cloud-init[928]: |    +..  o+      |
[   16.278366] cloud-init[928]: |   o..o=+o.o     |
[   16.287077] cloud-init[928]: |  .  +++*+.      |
[   16.293144] cloud-init[928]: |   . .+.S+       |
[   16.297286] cloud-init[928]: |    E.=Oo.       |
[   16.303476] cloud-init[928]: |   . .+==o+      |
[   16.308511] cloud-init[928]: |    o. +o=.o     |[[0;32m  OK  [0m] Started Regular background program processing daemon.

[   16.319930] cloud-init[928]: |     o....o .    |
[   16.327000] cloud-init[928]: +----[SHA256]-----+
         Starting Snap Daemon...
[[0;32m  OK  [0m] Started System Logging Service.
[[0;32m  OK  [0m] Started Permit User Sessions.
[[0;32m  OK  [0m] Started LXD - container startup/shutdown.
[[0;32m  OK  [0m] Started Login Service.
[[0;32m  OK  [0m] Started LSB: automatic crash report generation.
         Starting Authorization Manager...
[[0;32m  OK  [0m] Started Unattended Upgrades Shutdown.
         Starting Hostname Service...
         Starting Terminate Plymouth Boot Screen...
         Starting Hold until boot process finishes up...
[[0;32m  OK  [0m] Started Hold until boot process finishes up.
[[0;32m  OK  [0m] Started Terminate Plymouth Boot Screen.
[[0;32m  OK  [0m] Started Serial Getty on ttyS0.
         Starting Set console scheme...
[[0;32m  OK  [0m] Started Set console scheme.
[[0;32m  OK  [0m] Created slice system-getty.slice.
[[0;32m  OK  [0m] Started Getty on tty1.
[[0;32m  OK  [0m] Reached target Login Prompts.
[[0;32m  OK  [0m] Started LSB: Record successful boot for GRUB.
[[0;32m  OK  [0m] Started Authorization Manager.
[[0;32m  OK  [0m] Started Accounts Service.
[[0;32m  OK  [0m] Started Hostname Service.
[[0;32m  OK  [0m] Started Dispatcher daemon for systemd-networkd.
[[0;32m  OK  [0m] Started Virtualbox guest utils.
[[0;32m  OK  [0m] Started Snap Daemon.
         Starting Wait until snapd is fully seeded...
         Starting Time & Date Service...
[[0;32m  OK  [0m] Started Time & Date Service.
[[0;32m  OK  [0m] Started Pollinate to seed the pseudo random number generator.
         Starting OpenBSD Secure Shell server...
[[0;32m  OK  [0m] Started OpenBSD Secure Shell server.
[[0;32m  OK  [0m] Created slice User Slice of vagrant.
         Starting User Manager for UID 1000...
[[0;32m  OK  [0m] Started Session 1 of user vagrant.
[[0;32m  OK  [0m] Started User Manager for UID 1000.

Ubuntu 18.04.6 LTS ubuntu-bionic ttyS0

ubuntu-bionic login: [   33.802715] cloud-init[2012]: Cloud-init v. 23.1.2-0ubuntu0~18.04.1 running 'modules:config' at Mon, 23 Dec 2024 08:46:33 +0000. Up 33.31 seconds.
ci-info: no authorized SSH keys fingerprints found for user ubuntu.
<14>Dec 23 08:46:34 cloud-init: #############################################################
<14>Dec 23 08:46:34 cloud-init: -----BEGIN SSH HOST KEY FINGERPRINTS-----
<14>Dec 23 08:46:34 cloud-init: 1024 SHA256:bhkGrIA3FHahugBIvxba3LtsCNtn7cctZAQNXZUs0UM root@ubuntu-bionic (DSA)
<14>Dec 23 08:46:34 cloud-init: 256 SHA256:e9Ht+QbP+QZrCT5E8ioEOb6G433bl2lblpLesfQcE68 root@ubuntu-bionic (ECDSA)
<14>Dec 23 08:46:34 cloud-init: 256 SHA256:WgJHLGn6Pk9890gs/mAEfsZSs9EEPcqYPRe68tYgEy4 root@ubuntu-bionic (ED25519)
<14>Dec 23 08:46:34 cloud-init: 2048 SHA256:nrpBEuuqF/EEnz0Og2vYw+afKDV7fXFN5rIevhhfVRY root@ubuntu-bionic (RSA)
<14>Dec 23 08:46:34 cloud-init: -----END SSH HOST KEY FINGERPRINTS-----
<14>Dec 23 08:46:34 cloud-init: #############################################################
-----BEGIN SSH HOST KEY KEYS-----
ecdsa-sha2-nistp256 AAAAE2VjZHNhLXNoYTItbmlzdHAyNTYAAAAIbmlzdHAyNTYAAABBBFmyZodHmOViU4JL2UXLFVgoLGJWntEfVPirXlZvYfLeLQ6bE48zt38WcmVr1FibYsON9MMSe9VgtwbF6/+OPaA= root@ubuntu-bionic
ssh-ed25519 AAAAC3NzaC1lZDI1NTE5AAAAIBPwi82yH5SjPs4xZN6r1m5mZpt0m9yHlBs85/ptUCI6 root@ubuntu-bionic
ssh-rsa AAAAB3NzaC1yc2EAAAADAQABAAABAQC6qa+uS8afXlEAY8qnzZwqLJSSyIb9zDB6mJt8pPzyvgp58h3kN7Io4ndAEHQ56uwr4lEJUABDwM1nb3loiKXqCIwjLz3NgrRMpculLdfa2HUlttMPGDBLbzZpDZmANiPDUQPc00rbynvfEKM97WyKkPyGd+6tx4htVON56a/gqsbHaP3LADPislEDzh6pgMw+o+76vQ7m/j6kpXVC1wvFXdNAg9UIe80cgTl/Syi3/vlLDF3H6UhBVGTkV8K4zx0KdBfulojW/c1Xd6C7yH3VljWXuM6+qUE8iZs1HKuepjhNPrsTMkzqYeZ0XtD1rNA0giboJbM9BK0SLTIv9iK5 root@ubuntu-bionic
-----END SSH HOST KEY KEYS-----
[   34.598320] cloud-init[2063]: Cloud-init v. 23.1.2-0ubuntu0~18.04.1 running 'modules:final' at Mon, 23 Dec 2024 08:46:34 +0000. Up 34.39 seconds.
[   34.598810] cloud-init[2063]: Cloud-init v. 23.1.2-0ubuntu0~18.04.1 finished at Mon, 23 Dec 2024 08:46:34 +0000. Datasource DataSourceNoCloud [seed=/dev/sdb][dsmode=net].  Up 34.58 seconds
